<?xml version="1.0" encoding="UTF-8"?>
<testng-results ignored="0" total="1" passed="1" failed="0" skipped="0">
  <reporter-output>
  </reporter-output>
  <suite started-at="2025-09-11T22:34:02 IST" name="Suite" finished-at="2025-09-11T22:36:11 IST" duration-ms="129872">
    <groups>
    </groups>
    <test started-at="2025-09-11T22:34:02 IST" name="Test" finished-at="2025-09-11T22:36:11 IST" duration-ms="129872">
      <class name="com.testcase.Testcases">
        <test-method is-config="true" signature="setup()[pri:0, instance:com.testcase.Testcases@71d44a3]" started-at="2025-09-11T22:34:02 IST" name="setup" finished-at="2025-09-11T22:34:03 IST" duration-ms="1831" status="PASS">
          <reporter-output>
          </reporter-output>
        </test-method> <!-- setup -->
        <test-method signature="completeApplicationForm()[pri:0, instance:com.testcase.Testcases@71d44a3]" started-at="2025-09-11T22:34:03 IST" name="completeApplicationForm" finished-at="2025-09-11T22:36:11 IST" duration-ms="128020" status="PASS">
          <reporter-output>
          </reporter-output>
        </test-method> <!-- completeApplicationForm -->
        <test-method is-config="true" signature="teardown()[pri:0, instance:com.testcase.Testcases@71d44a3]" started-at="2025-09-11T22:36:11 IST" name="teardown" finished-at="2025-09-11T22:36:11 IST" duration-ms="0" status="PASS">
          <reporter-output>
          </reporter-output>
        </test-method> <!-- teardown -->
      </class> <!-- com.testcase.Testcases -->
    </test> <!-- Test -->
  </suite> <!-- Suite -->
</testng-results>
