<?xml version="1.0" encoding="UTF-8"?>
<testng-results ignored="0" total="1" passed="1" failed="0" skipped="0">
  <reporter-output>
  </reporter-output>
  <suite started-at="2025-09-12T01:30:17 IST" name="Default suite" finished-at="2025-09-12T01:32:55 IST" duration-ms="157796">
    <groups>
    </groups>
    <test started-at="2025-09-12T01:30:17 IST" name="Default test" finished-at="2025-09-12T01:32:55 IST" duration-ms="157796">
      <class name="com.testcase.Testcases">
        <test-method is-config="true" signature="setup()[pri:0, instance:com.testcase.Testcases@235834f2]" started-at="2025-09-12T01:30:17 IST" name="setup" finished-at="2025-09-12T01:30:20 IST" duration-ms="2199" status="PASS">
          <reporter-output>
          </reporter-output>
        </test-method> <!-- setup -->
        <test-method signature="completeApplicationForm()[pri:0, instance:com.testcase.Testcases@235834f2]" started-at="2025-09-12T01:30:20 IST" name="completeApplicationForm" finished-at="2025-09-12T01:32:55 IST" duration-ms="155400" status="PASS">
          <reporter-output>
          </reporter-output>
        </test-method> <!-- completeApplicationForm -->
        <test-method is-config="true" signature="teardown()[pri:0, instance:com.testcase.Testcases@235834f2]" started-at="2025-09-12T01:32:55 IST" name="teardown" finished-at="2025-09-12T01:32:55 IST" duration-ms="166" status="PASS">
          <reporter-output>
          </reporter-output>
        </test-method> <!-- teardown -->
      </class> <!-- com.testcase.Testcases -->
    </test> <!-- Default test -->
  </suite> <!-- Default suite -->
</testng-results>
